SF:lib/feature/data/models/recipe.dart
DA:11,4
DA:18,0
DA:19,0
DA:24,14
LF:4
LH:2
end_of_record
SF:lib/feature/data/repositories/recipe_repository_impl.dart
DA:9,2
DA:10,3
DA:13,2
DA:15,4
DA:18,2
DA:21,6
DA:22,10
DA:23,10
DA:24,10
DA:26,2
DA:28,2
DA:31,2
DA:33,10
DA:36,2
DA:38,4
DA:41,1
DA:43,6
DA:44,2
DA:45,2
DA:48,2
DA:50,16
DA:53,2
DA:55,16
DA:58,1
DA:60,1
LF:25
LH:25
end_of_record
SF:lib/core/constants/app_color.dart
DA:4,0
LF:1
LH:0
end_of_record
SF:lib/core/constants/string_constant.dart
DA:4,0
LF:1
LH:0
end_of_record
SF:lib/core/shared/widgets/app_bar.dart
DA:4,1
DA:5,1
DA:7,1
DA:9,1
LF:4
LH:4
end_of_record
SF:lib/feature/domain/usecases/add_recipe.dart
DA:7,2
DA:9,1
DA:10,2
LF:3
LH:3
end_of_record
SF:lib/feature/domain/usecases/already_exist_recipe.dart
DA:7,2
DA:9,2
DA:10,4
LF:3
LH:3
end_of_record
SF:lib/feature/domain/usecases/delete_all_recipes.dart
DA:6,2
DA:8,2
DA:9,4
LF:3
LH:3
end_of_record
SF:lib/feature/domain/usecases/delete_recipe.dart
DA:6,2
DA:8,2
DA:9,4
LF:3
LH:3
end_of_record
SF:lib/feature/domain/usecases/edit_recipe.dart
DA:7,2
DA:9,0
DA:10,0
LF:3
LH:1
end_of_record
SF:lib/feature/domain/usecases/filter_recipes.dart
DA:7,2
DA:9,2
DA:10,4
LF:3
LH:3
end_of_record
SF:lib/feature/domain/usecases/search_recipes.dart
DA:7,2
DA:9,2
DA:10,5
LF:3
LH:3
end_of_record
SF:lib/feature/presentation/bloc/recipe_state.dart
DA:5,6
DA:7,1
DA:8,1
DA:20,3
DA:22,1
DA:23,2
DA:29,3
DA:31,1
DA:32,2
DA:38,3
DA:40,1
DA:41,2
DA:60,0
DA:62,0
DA:63,0
DA:71,4
DA:73,1
DA:74,2
LF:18
LH:15
end_of_record
SF:lib/feature/presentation/bloc/recipe_event.dart
DA:8,3
DA:10,0
DA:11,0
DA:23,2
DA:25,0
DA:26,0
DA:34,0
DA:36,0
DA:37,0
DA:45,2
DA:47,0
DA:48,0
DA:55,0
DA:57,0
DA:58,0
DA:65,0
DA:67,0
DA:68,0
DA:76,2
DA:78,0
DA:79,0
DA:87,2
DA:89,0
DA:90,0
LF:24
LH:5
end_of_record
SF:lib/feature/presentation/bloc/recipe_bloc.dart
DA:32,2
DA:40,4
DA:43,4
DA:44,4
DA:46,4
DA:47,4
DA:49,0
DA:55,4
DA:56,2
DA:58,4
DA:60,0
DA:61,6
DA:63,2
DA:66,1
DA:67,0
DA:68,0
DA:69,0
DA:70,0
DA:71,0
DA:74,0
DA:75,0
DA:77,3
DA:79,2
DA:81,4
DA:82,4
DA:87,4
DA:88,6
DA:89,4
DA:90,4
DA:91,4
DA:96,4
DA:97,4
DA:98,4
DA:103,2
DA:104,0
DA:105,0
DA:110,2
DA:111,0
DA:113,0
DA:119,2
DA:120,0
DA:121,0
DA:122,0
DA:123,0
DA:128,2
DA:129,0
DA:130,0
DA:131,0
DA:136,4
DA:137,6
DA:138,4
DA:143,4
DA:144,6
DA:145,4
DA:149,4
LF:55
LH:35
end_of_record
SF:lib/feature/presentation/pages/recipe_detail_page.dart
DA:10,2
DA:12,1
DA:14,1
DA:16,1
DA:17,1
DA:19,1
DA:21,1
DA:22,3
DA:26,1
DA:27,3
DA:37,1
DA:38,2
LF:12
LH:12
end_of_record
SF:lib/feature/presentation/pages/recipe_list_page.dart
DA:14,1
DA:16,1
DA:18,1
DA:20,1
DA:21,1
DA:23,1
DA:25,1
DA:26,1
DA:28,1
DA:30,1
DA:32,1
DA:33,1
DA:43,1
DA:45,1
DA:47,1
DA:52,1
DA:53,3
DA:60,1
DA:62,1
DA:64,1
DA:69,1
DA:70,3
DA:77,1
DA:79,1
DA:80,1
DA:82,1
DA:84,1
DA:85,1
DA:86,1
DA:87,1
DA:88,0
DA:89,0
DA:90,0
DA:91,0
DA:93,1
DA:94,1
DA:95,1
DA:96,1
DA:97,2
DA:98,1
DA:102,0
DA:111,1
DA:112,1
DA:114,1
DA:115,2
LF:45
LH:40
end_of_record
SF:lib/feature/presentation/widgets/recipe_input_form.dart
DA:11,1
DA:18,0
DA:19,0
DA:20,0
DA:21,0
DA:25,0
DA:30,0
DA:31,0
DA:32,0
DA:36,1
DA:37,2
DA:38,1
DA:39,2
DA:43,1
DA:44,1
DA:45,1
DA:46,2
DA:47,2
DA:48,2
DA:50,3
DA:53,1
DA:56,1
DA:57,0
DA:58,0
DA:59,0
DA:60,0
DA:61,0
DA:62,0
DA:63,0
DA:64,0
DA:67,1
DA:68,1
DA:70,1
DA:71,1
DA:72,1
DA:73,1
DA:75,1
DA:77,1
DA:79,1
DA:80,1
DA:91,1
DA:92,1
DA:93,1
DA:98,1
DA:104,1
DA:105,1
DA:106,1
DA:111,1
DA:117,1
DA:118,1
DA:119,1
DA:124,1
DA:130,1
DA:131,1
DA:132,1
DA:133,1
DA:141,1
DA:142,1
DA:144,1
DA:145,3
LF:60
LH:44
end_of_record
SF:lib/feature/presentation/widgets/recipe_row.dart
DA:13,2
DA:15,1
DA:17,1
DA:18,1
DA:20,1
DA:21,2
DA:24,1
DA:27,1
DA:28,3
DA:29,4
DA:30,6
DA:31,1
DA:33,1
DA:34,1
DA:36,1
DA:45,1
DA:46,1
DA:47,3
DA:48,0
DA:49,0
DA:57,1
DA:58,1
DA:59,3
DA:60,1
DA:61,5
LF:25
LH:23
end_of_record
SF:lib/feature/presentation/widgets/alert_dialog.dart
DA:7,0
DA:8,0
DA:10,0
DA:11,0
DA:19,0
DA:20,0
DA:21,0
DA:22,0
DA:23,0
LF:9
LH:0
end_of_record
